<?xml version="1.0" encoding="UTF-8"?>
<!-- Generated by org.testng.reporters.JUnitReportReporter -->
<testsuite hostname="Soumya" failures="0" tests="4" name="DatadrivernApachePoi.FacebookLoginTest" time="34.302" errors="0" timestamp="2023-12-04T11:31:11 IST" skipped="0">
  <testcase classname="DatadrivernApachePoi.FacebookLoginTest" name="loginToFacebookTest" time="11.029"/>
  <system-out/>
  <testcase classname="DatadrivernApachePoi.FacebookLoginTest" name="loginToFacebookTest" time="7.522"/>
  <system-out/>
  <testcase classname="DatadrivernApachePoi.FacebookLoginTest" name="loginToFacebookTest" time="7.625"/>
  <system-out/>
  <testcase classname="DatadrivernApachePoi.FacebookLoginTest" name="loginToFacebookTest" time="8.126"/>
  <system-out/>
</testsuite> <!-- DatadrivernApachePoi.FacebookLoginTest -->
