<?xml version="1.0" encoding="UTF-8"?>
<!-- Generated by org.testng.reporters.JUnitReportReporter -->
<testsuite hostname="Soumya" failures="0" tests="3" name="com.sou.Testsample2.Restassuerd" time="3.212" errors="0" timestamp="2023-12-17T12:13:01 IST" skipped="2">
  <testcase classname="com.sou.Testsample2.Restassuerd" name="test1" time="3.212"/>
  <system-out/>
  <testcase classname="com.sou.Testsample2.Restassuerd" name="test3">
    <skipped/>
  </testcase> <!-- test3 -->
  <system-out/>
  <testcase classname="com.sou.Testsample2.Restassuerd" name="test">
    <skipped/>
  </testcase> <!-- test -->
  <system-out/>
</testsuite> <!-- com.sou.Testsample2.Restassuerd -->
