<?xml version="1.0" encoding="UTF-8"?>
<!-- Generated by org.testng.reporters.JUnitReportReporter -->
<testsuite hostname="Soumya" failures="0" tests="4" name="com.sou.Testsample2.TestngDAta" time="41.895" errors="0" timestamp="2023-12-02T13:07:22 IST" skipped="0">
  <testcase classname="com.sou.Testsample2.TestngDAta" name="loginToFacebook" time="8.292"/>
  <system-out/>
  <testcase classname="com.sou.Testsample2.TestngDAta" name="loginToFacebook" time="17.673"/>
  <system-out/>
  <testcase classname="com.sou.Testsample2.TestngDAta" name="loginToFacebook" time="6.625"/>
  <system-out/>
  <testcase classname="com.sou.Testsample2.TestngDAta" name="loginToFacebook" time="9.305"/>
  <system-out/>
</testsuite> <!-- com.sou.Testsample2.TestngDAta -->
