<?xml version="1.0" encoding="UTF-8"?>
<!-- Generated by org.testng.reporters.JUnitReportReporter -->
<testsuite hostname="Soumya" failures="0" tests="4" name="DatadrivernApachePoi.FacebookLoginTest" time="28.441" errors="0" timestamp="2023-12-17T12:14:53 IST" skipped="0">
  <testcase classname="DatadrivernApachePoi.FacebookLoginTest" name="loginToFacebookTest" time="8.285"/>
  <system-out/>
  <testcase classname="DatadrivernApachePoi.FacebookLoginTest" name="loginToFacebookTest" time="6.617"/>
  <system-out/>
  <testcase classname="DatadrivernApachePoi.FacebookLoginTest" name="loginToFacebookTest" time="6.689"/>
  <system-out/>
  <testcase classname="DatadrivernApachePoi.FacebookLoginTest" name="loginToFacebookTest" time="6.850"/>
  <system-out/>
</testsuite> <!-- DatadrivernApachePoi.FacebookLoginTest -->
